<?xml version="1.0" encoding="UTF-8"?>
<!-- Generated by org.testng.reporters.JUnitXMLReporter -->
<testsuite ignored="0" hostname="DESKTOP-C4EHALN" failures="0" tests="21" name="Test" time="0.454" errors="0" timestamp="2024-07-24T22:20:43 IST">
  <testcase classname="testNg_Programs.NewTest5" name="afterTest" time="0.029"/>
  <testcase classname="testNg_Programs.NewTest5" name="beforeClass" time="0.004"/>
  <testcase classname="testNg_Programs.NewTest5" name="beforeTest" time="0.009"/>
  <testcase classname="testNg_Programs.NewTest5" name="login" time="0.003"/>
  <testcase classname="testNg_Programs.NewTest5" name="logout" time="0.005"/>
  <testcase classname="testNg_Programs.NewTest5" name="search" time="0.005"/>
  <testcase classname="testNg_Programs.NewTest5" name="advsearch" time="0.006"/>
  <testcase classname="testNg_Programs.NewTest6" name="afterTest" time="0.005"/>
  <testcase classname="testNg_Programs.NewTest6" name="beforeClass" time="0.005"/>
  <testcase classname="testNg_Programs.NewTest6" name="beforeTest" time="0.006"/>
  <testcase classname="testNg_Programs.NewTest6" name="login" time="0.007"/>
  <testcase classname="testNg_Programs.NewTest6" name="logout" time="0.01"/>
  <testcase classname="testNg_Programs.NewTest6" name="search" time="0.007"/>
  <testcase classname="testNg_Programs.NewTest6" name="advsearch" time="0.013"/>
  <testcase classname="testNg_Programs.NewTest4" name="afterTest" time="0.005"/>
  <testcase classname="testNg_Programs.NewTest4" name="beforeClass" time="0.006"/>
  <testcase classname="testNg_Programs.NewTest4" name="beforeTest" time="0.004"/>
  <testcase classname="testNg_Programs.NewTest4" name="login" time="0.003"/>
  <testcase classname="testNg_Programs.NewTest4" name="logout" time="0.007"/>
  <testcase classname="testNg_Programs.NewTest4" name="search" time="0.006"/>
  <testcase classname="testNg_Programs.NewTest4" name="advsearch" time="0.004"/>
</testsuite> <!-- Test -->
