<?xml version="1.0" encoding="UTF-8"?>
<!-- Generated by org.testng.reporters.JUnitXMLReporter -->
<testsuite ignored="0" hostname="DESKTOP-C4EHALN" failures="0" tests="1" name="Test(failed)(failed)" time="6.269" errors="0" timestamp="2024-07-29T16:11:59 IST">
  <testcase classname="takeScreenshotOfFailedTC.TestClass" name="@BeforeMethod setup" time="6.029">
    <failure type="java.lang.AssertionError" message="expected [true] but found [false]">
      <![CDATA[java.lang.AssertionError: expected [true] but found [false]
at takeScreenshotOfFailedTC.TestClass.setup(TestClass.java:14)
at java.base/java.util.ArrayList.forEach(ArrayList.java:1596)
... Removed 33 stack frames]]>
    </failure>
  </testcase> <!-- @BeforeMethod setup -->
  <testcase classname="takeScreenshotOfFailedTC.TestClass" name="@AfterMethod teardown" time="0.0">
    <skipped/>
  </testcase> <!-- @AfterMethod teardown -->
  <testcase classname="takeScreenshotOfFailedTC.TestClass" name="screenshotTest4" time="0.001">
    <skipped/>
  </testcase> <!-- screenshotTest4 -->
</testsuite> <!-- Test(failed)(failed) -->
