<?xml version="1.0" encoding="UTF-8"?>
<!-- Generated by org.testng.reporters.JUnitXMLReporter -->
<testsuite ignored="0" hostname="DESKTOP-C4EHALN" failures="0" tests="3" name="Test3" time="0.196" errors="0" timestamp="2024-07-19T21:47:24 IST">
  <testcase classname="testNg_Programs.ParallelMethods" name="m2" time="0.03"/>
  <testcase classname="testNg_Programs.ParallelMethods" name="m3" time="0.018"/>
  <testcase classname="testNg_Programs.ParallelMethods" name="tc1" time="0.004"/>
</testsuite> <!-- Test3 -->
