<?xml version="1.0" encoding="UTF-8"?>
<!-- Generated by org.testng.reporters.JUnitXMLReporter -->
<testsuite ignored="0" hostname="DESKTOP-C4EHALN" failures="2" tests="2" name="Testscreenshot" time="11.75" errors="0" timestamp="2024-07-31T13:52:58 IST">
  <testcase classname="takeScreenshotOfFailedTC.TestClass" name="screenshotTest2" time="0.106">
    <failure type="java.lang.AssertionError" message="expected [true] but found [false]">
      <![CDATA[java.lang.AssertionError: expected [true] but found [false]
at takeScreenshotOfFailedTC.TestClass.screenshotTest2(TestClass.java:34)
at java.base/java.util.ArrayList.forEach(ArrayList.java:1596)
... Removed 32 stack frames]]>
    </failure>
  </testcase> <!-- screenshotTest2 -->
  <testcase classname="takeScreenshotOfFailedTC.TestClass" name="screenshotTest4" time="0.013">
    <failure type="java.lang.AssertionError" message="expected [true] but found [false]">
      <![CDATA[java.lang.AssertionError: expected [true] but found [false]
at takeScreenshotOfFailedTC.TestClass.screenshotTest4(TestClass.java:27)
at java.base/java.util.ArrayList.forEach(ArrayList.java:1596)
... Removed 32 stack frames]]>
    </failure>
  </testcase> <!-- screenshotTest4 -->
</testsuite> <!-- Testscreenshot -->
