<?xml version="1.0" encoding="UTF-8"?>
<!-- Generated by org.testng.reporters.JUnitXMLReporter -->
<testsuite ignored="0" hostname="DESKTOP-C4EHALN" failures="0" tests="6" name="Test" time="0.176" errors="0" timestamp="2024-07-26T22:37:04 IST">
  <testcase classname="testngBatchTesting.LoginTest" name="login" time="0.034"/>
  <testcase classname="testngBatchTesting.LoginTest" name="verifyhomepage" time="0.004"/>
  <testcase classname="testngBatchTesting.SearchTest" name="logout" time="0.006"/>
  <testcase classname="testngBatchTesting.SearchTest" name="st" time="0.003"/>
  <testcase classname="testngBatchTesting.LogoutTest" name="logout" time="0.004"/>
  <testcase classname="testngBatchTesting.LogoutTest" name="log" time="0.004"/>
</testsuite> <!-- Test -->
